c:\users\wosco43-user\hellohoge\consoleapp_hellohoge\consoleapp\x64\debug\consoleapp.pch
c:\users\wosco43-user\hellohoge\consoleapp_hellohoge\consoleapp\x64\debug\vc141.pdb
c:\users\wosco43-user\hellohoge\consoleapp_hellohoge\consoleapp\x64\debug\vc141.idb
c:\users\wosco43-user\hellohoge\consoleapp_hellohoge\consoleapp\x64\debug\consoleapp.pchast
c:\users\wosco43-user\hellohoge\consoleapp_hellohoge\consoleapp\x64\debug\pch.nativecodeanalysis.xml
c:\users\wosco43-user\hellohoge\consoleapp_hellohoge\consoleapp\x64\debug\pch.obj
c:\users\wosco43-user\hellohoge\consoleapp_hellohoge\consoleapp\x64\debug\consoleapp.nativecodeanalysis.xml
c:\users\wosco43-user\hellohoge\consoleapp_hellohoge\consoleapp\x64\debug\consoleapp.obj
c:\users\wosco43-user\hellohoge\consoleapp_hellohoge\x64\debug\consoleapp.ilk
c:\users\wosco43-user\hellohoge\consoleapp_hellohoge\x64\debug\consoleapp.exe
c:\users\wosco43-user\hellohoge\consoleapp_hellohoge\x64\debug\consoleapp.pdb
c:\users\wosco43-user\hellohoge\consoleapp_hellohoge\consoleapp\x64\debug\nativecodeanalysis.read.1.tlog
c:\users\wosco43-user\hellohoge\consoleapp_hellohoge\consoleapp\x64\debug\vc.nativecodeanalysis.all.xml
c:\users\wosco43-user\hellohoge\consoleapp_hellohoge\x64\debug\consoleapp.exe.lastcodeanalysissucceeded
c:\users\wosco43-user\hellohoge\consoleapp_hellohoge\consoleapp\x64\debug\consoleapp.tlog\cl.command.1.tlog
c:\users\wosco43-user\hellohoge\consoleapp_hellohoge\consoleapp\x64\debug\consoleapp.tlog\cl.read.1.tlog
c:\users\wosco43-user\hellohoge\consoleapp_hellohoge\consoleapp\x64\debug\consoleapp.tlog\cl.write.1.tlog
c:\users\wosco43-user\hellohoge\consoleapp_hellohoge\consoleapp\x64\debug\consoleapp.tlog\link.command.1.tlog
c:\users\wosco43-user\hellohoge\consoleapp_hellohoge\consoleapp\x64\debug\consoleapp.tlog\link.read.1.tlog
c:\users\wosco43-user\hellohoge\consoleapp_hellohoge\consoleapp\x64\debug\consoleapp.tlog\link.write.1.tlog
